[2019-03-05 13:15:47.782] [sharedprocess] [info] main {"machineId":"b5e4784b1fccab567a16821ced91c9e0574ca1f418f2093405ecd4012098c61a"}
[2019-03-05 13:15:48.538] [sharedprocess] [info] Scanned user extensions: 11
[2019-03-05 13:15:48.541] [sharedprocess] [info] Scanned user extensions: 11
[2019-03-05 13:15:48.543] [sharedprocess] [info] Scanned user extensions: 11
[2019-03-05 13:15:49.212] [sharedprocess] [info] Scanned system extensions: 71
[2019-03-05 13:15:49.245] [sharedprocess] [info] Scanned system extensions: 71
[2019-03-05 13:15:49.256] [sharedprocess] [info] Scanned system extensions: 71
[2019-03-05 13:15:49.533] [sharedprocess] [info] Deleted from disk bmewburn.vscode-intelephense-client /home/wembley/.vscode/extensions/bmewburn.vscode-intelephense-client-1.0.6
[2019-03-05 13:15:50.005] [sharedprocess] [info] Scanned user extensions: 11
[2019-03-05 13:16:10.601] [sharedprocess] [info] Scanned user extensions: 11
[2019-03-05 13:16:10.603] [sharedprocess] [info] Scanned user extensions: 11
[2019-03-05 13:16:10.709] [sharedprocess] [info] Scanned system extensions: 71
[2019-03-05 13:16:10.718] [sharedprocess] [info] Scanned system extensions: 71
[2019-03-05 13:16:12.664] [sharedprocess] [info] Scanned user extensions: 11
[2019-03-05 13:16:27.816] [sharedprocess] [info] Starting to clean up unused language packs.
[2019-03-05 13:21:12.687] [sharedprocess] [info] Scanned user extensions: 11
[2019-03-05 13:26:12.703] [sharedprocess] [info] Scanned user extensions: 11
[2019-03-05 13:31:12.729] [sharedprocess] [info] Scanned user extensions: 11
[2019-03-05 13:36:12.745] [sharedprocess] [info] Scanned user extensions: 11
[2019-03-05 13:41:12.761] [sharedprocess] [info] Scanned user extensions: 11
[2019-03-05 13:46:12.782] [sharedprocess] [info] Scanned user extensions: 11
[2019-03-05 13:51:12.804] [sharedprocess] [info] Scanned user extensions: 11
[2019-03-05 13:56:12.825] [sharedprocess] [info] Scanned user extensions: 11
