[2019-03-05 13:15:49.058] [exthost] [info] extension host started
[2019-03-05 13:15:49.145] [exthost] [info] ExtensionService#_doActivateExtension vscode.debug-auto-launch {"startup":true,"activationEvent":"*"}
[2019-03-05 13:15:49.149] [exthost] [info] ExtensionService#loadCommonJSModule /usr/share/code/resources/app/extensions/debug-auto-launch/dist/extension
[2019-03-05 13:15:49.161] [exthost] [info] ExtensionService#_doActivateExtension vscode.emmet {"startup":true,"activationEvent":"*"}
[2019-03-05 13:15:49.161] [exthost] [info] ExtensionService#loadCommonJSModule /usr/share/code/resources/app/extensions/emmet/dist/extension
[2019-03-05 13:15:49.228] [exthost] [info] ExtensionService#_doActivateExtension vscode.git {"startup":true,"activationEvent":"*"}
[2019-03-05 13:15:49.228] [exthost] [info] ExtensionService#loadCommonJSModule /usr/share/code/resources/app/extensions/git/dist/main
[2019-03-05 13:15:49.528] [exthost] [info] ExtensionService#_doActivateExtension vscode.merge-conflict {"startup":true,"activationEvent":"*"}
[2019-03-05 13:15:49.528] [exthost] [info] ExtensionService#loadCommonJSModule /usr/share/code/resources/app/extensions/merge-conflict/dist/extension
[2019-03-05 13:15:49.579] [exthost] [info] ExtensionService#_doActivateExtension Equinusocio.vsc-material-theme {"startup":true,"activationEvent":"*"}
[2019-03-05 13:15:49.580] [exthost] [info] ExtensionService#loadCommonJSModule /home/wembley/.vscode/extensions/equinusocio.vsc-material-theme-2.7.0/out/src/material.theme.config
[2019-03-05 13:15:49.853] [exthost] [info] ExtensionService#_doActivateExtension PKief.material-icon-theme {"startup":true,"activationEvent":"*"}
[2019-03-05 13:15:49.853] [exthost] [info] ExtensionService#loadCommonJSModule /home/wembley/.vscode/extensions/pkief.material-icon-theme-3.6.3/out/src/extension
[2019-03-05 13:15:49.980] [exthost] [info] eager extensions activated
[2019-03-05 13:16:11.507] [exthost] [info] extension host started
[2019-03-05 13:16:11.531] [exthost] [info] ExtensionService#_doActivateExtension vscode.debug-auto-launch {"startup":true,"activationEvent":"*"}
[2019-03-05 13:16:11.531] [exthost] [info] ExtensionService#loadCommonJSModule /usr/share/code/resources/app/extensions/debug-auto-launch/dist/extension
[2019-03-05 13:16:11.537] [exthost] [info] ExtensionService#_doActivateExtension vscode.emmet {"startup":true,"activationEvent":"*"}
[2019-03-05 13:16:11.537] [exthost] [info] ExtensionService#loadCommonJSModule /usr/share/code/resources/app/extensions/emmet/dist/extension
[2019-03-05 13:16:11.561] [exthost] [info] ExtensionService#_doActivateExtension vscode.git {"startup":true,"activationEvent":"*"}
[2019-03-05 13:16:11.561] [exthost] [info] ExtensionService#loadCommonJSModule /usr/share/code/resources/app/extensions/git/dist/main
[2019-03-05 13:16:11.721] [exthost] [info] ExtensionService#_doActivateExtension vscode.merge-conflict {"startup":true,"activationEvent":"*"}
[2019-03-05 13:16:11.721] [exthost] [info] ExtensionService#loadCommonJSModule /usr/share/code/resources/app/extensions/merge-conflict/dist/extension
[2019-03-05 13:16:11.728] [exthost] [info] ExtensionService#_doActivateExtension Equinusocio.vsc-material-theme {"startup":true,"activationEvent":"*"}
[2019-03-05 13:16:11.729] [exthost] [info] ExtensionService#loadCommonJSModule /home/wembley/.vscode/extensions/equinusocio.vsc-material-theme-2.7.0/out/src/material.theme.config
[2019-03-05 13:16:11.742] [exthost] [info] ExtensionService#_doActivateExtension PKief.material-icon-theme {"startup":true,"activationEvent":"*"}
[2019-03-05 13:16:11.742] [exthost] [info] ExtensionService#loadCommonJSModule /home/wembley/.vscode/extensions/pkief.material-icon-theme-3.6.3/out/src/extension
[2019-03-05 13:16:11.811] [exthost] [info] eager extensions activated
[2019-03-05 13:16:35.931] [exthost] [info] ExtensionService#_doActivateExtension vscode.php-language-features {"startup":false,"activationEvent":"onLanguage:php"}
[2019-03-05 13:16:35.931] [exthost] [info] ExtensionService#loadCommonJSModule /usr/share/code/resources/app/extensions/php-language-features/dist/phpMain
[2019-03-05 13:16:35.974] [exthost] [info] ExtensionService#_doActivateExtension bmewburn.vscode-intelephense-client {"startup":false,"activationEvent":"onLanguage:php"}
[2019-03-05 13:16:35.974] [exthost] [info] ExtensionService#loadCommonJSModule /home/wembley/.vscode/extensions/bmewburn.vscode-intelephense-client-1.0.7/out/src/extension
[2019-03-05 13:16:36.501] [exthost] [info] ExtensionService#_doActivateExtension MehediDracula.php-namespace-resolver {"startup":false,"activationEvent":"onLanguage:php"}
[2019-03-05 13:16:36.506] [exthost] [info] ExtensionService#loadCommonJSModule /home/wembley/.vscode/extensions/mehedidracula.php-namespace-resolver-1.1.5/src/extension
[2019-03-05 13:16:36.564] [exthost] [info] ExtensionService#_doActivateExtension neilbrayfield.php-docblocker {"startup":false,"activationEvent":"onLanguage:php"}
[2019-03-05 13:16:36.564] [exthost] [info] ExtensionService#loadCommonJSModule /home/wembley/.vscode/extensions/neilbrayfield.php-docblocker-1.7.0/out/src/extension
[2019-03-05 13:16:36.600] [exthost] [info] ExtensionService#_doActivateExtension phproberto.vscode-php-getters-setters {"startup":false,"activationEvent":"onLanguage:php"}
[2019-03-05 13:16:36.600] [exthost] [info] ExtensionService#loadCommonJSModule /home/wembley/.vscode/extensions/phproberto.vscode-php-getters-setters-1.2.3/out/extension
