[2019-03-05 20:31:42.425] [sharedprocess] [info] main {"machineId":"b5e4784b1fccab567a16821ced91c9e0574ca1f418f2093405ecd4012098c61a"}
[2019-03-05 20:31:42.830] [sharedprocess] [info] Scanned user extensions: 11
[2019-03-05 20:31:42.871] [sharedprocess] [info] Scanned user extensions: 11
[2019-03-05 20:31:43.122] [sharedprocess] [info] Scanned system extensions: 71
[2019-03-05 20:31:43.122] [sharedprocess] [info] Scanned system extensions: 71
[2019-03-05 20:31:44.688] [sharedprocess] [info] Scanned user extensions: 11
[2019-03-05 20:32:22.457] [sharedprocess] [info] Starting to clean up unused language packs.
[2019-03-05 20:36:44.709] [sharedprocess] [info] Scanned user extensions: 11
[2019-03-05 20:41:44.846] [sharedprocess] [info] Scanned user extensions: 11
[2019-03-05 20:46:44.871] [sharedprocess] [info] Scanned user extensions: 11
[2019-03-05 20:51:44.887] [sharedprocess] [info] Scanned user extensions: 11
[2019-03-05 20:56:45.017] [sharedprocess] [info] Scanned user extensions: 11
[2019-03-05 21:01:45.035] [sharedprocess] [info] Scanned user extensions: 11
[2019-03-05 21:06:45.056] [sharedprocess] [info] Scanned user extensions: 11
[2019-03-05 21:11:45.077] [sharedprocess] [info] Scanned user extensions: 11
[2019-03-05 21:16:45.096] [sharedprocess] [info] Scanned user extensions: 11
[2019-03-05 21:21:45.128] [sharedprocess] [info] Scanned user extensions: 11
[2019-03-05 21:26:45.148] [sharedprocess] [info] Scanned user extensions: 11
[2019-03-05 21:31:45.464] [sharedprocess] [info] Scanned user extensions: 11
[2019-03-05 21:36:45.486] [sharedprocess] [info] Scanned user extensions: 11
[2019-03-05 21:41:45.507] [sharedprocess] [info] Scanned user extensions: 11
[2019-03-05 21:46:45.529] [sharedprocess] [info] Scanned user extensions: 11
[2019-03-05 21:51:45.547] [sharedprocess] [info] Scanned user extensions: 11
[2019-03-05 21:56:45.564] [sharedprocess] [info] Scanned user extensions: 11
[2019-03-05 22:01:45.583] [sharedprocess] [info] Scanned user extensions: 11
[2019-03-05 22:06:45.603] [sharedprocess] [info] Scanned user extensions: 11
[2019-03-05 22:11:45.621] [sharedprocess] [info] Scanned user extensions: 11
[2019-03-05 22:16:45.650] [sharedprocess] [info] Scanned user extensions: 11
[2019-03-05 22:21:45.675] [sharedprocess] [info] Scanned user extensions: 11
[2019-03-05 22:26:45.693] [sharedprocess] [info] Scanned user extensions: 11
[2019-03-05 22:31:45.850] [sharedprocess] [info] Scanned user extensions: 11
[2019-03-05 22:36:45.868] [sharedprocess] [info] Scanned user extensions: 11
[2019-03-05 22:41:45.888] [sharedprocess] [info] Scanned user extensions: 11
[2019-03-05 22:46:45.905] [sharedprocess] [info] Scanned user extensions: 11
[2019-03-05 22:51:45.924] [sharedprocess] [info] Scanned user extensions: 11
[2019-03-05 22:56:45.943] [sharedprocess] [info] Scanned user extensions: 11
[2019-03-05 23:01:45.962] [sharedprocess] [info] Scanned user extensions: 11
[2019-03-05 23:06:45.983] [sharedprocess] [info] Scanned user extensions: 11
[2019-03-05 23:11:46.000] [sharedprocess] [info] Scanned user extensions: 11
[2019-03-05 23:16:46.018] [sharedprocess] [info] Scanned user extensions: 11
[2019-03-05 23:21:46.034] [sharedprocess] [info] Scanned user extensions: 11
[2019-03-05 23:26:46.054] [sharedprocess] [info] Scanned user extensions: 11
[2019-03-05 23:31:46.206] [sharedprocess] [info] Scanned user extensions: 11
[2019-03-05 23:36:46.226] [sharedprocess] [info] Scanned user extensions: 11
[2019-03-05 23:41:46.242] [sharedprocess] [info] Scanned user extensions: 11
[2019-03-05 23:46:46.258] [sharedprocess] [info] Scanned user extensions: 11
[2019-03-05 23:51:46.275] [sharedprocess] [info] Scanned user extensions: 11
[2019-03-05 23:56:46.295] [sharedprocess] [info] Scanned user extensions: 11
[2019-03-06 00:01:46.313] [sharedprocess] [info] Scanned user extensions: 11
[2019-03-06 00:06:46.330] [sharedprocess] [info] Scanned user extensions: 11
[2019-03-06 00:11:46.349] [sharedprocess] [info] Scanned user extensions: 11
[2019-03-06 00:16:46.367] [sharedprocess] [info] Scanned user extensions: 11
[2019-03-06 00:21:46.386] [sharedprocess] [info] Scanned user extensions: 11
[2019-03-06 00:26:46.404] [sharedprocess] [info] Scanned user extensions: 11
[2019-03-06 00:31:46.562] [sharedprocess] [info] Scanned user extensions: 11
[2019-03-06 00:36:46.577] [sharedprocess] [info] Scanned user extensions: 11
[2019-03-06 00:41:46.596] [sharedprocess] [info] Scanned user extensions: 11
[2019-03-06 00:46:46.616] [sharedprocess] [info] Scanned user extensions: 11
[2019-03-06 00:51:46.635] [sharedprocess] [info] Scanned user extensions: 11
[2019-03-06 00:56:46.655] [sharedprocess] [info] Scanned user extensions: 11
[2019-03-06 01:01:46.675] [sharedprocess] [info] Scanned user extensions: 11
[2019-03-06 01:06:46.693] [sharedprocess] [info] Scanned user extensions: 11
[2019-03-06 01:11:46.710] [sharedprocess] [info] Scanned user extensions: 11
[2019-03-06 01:16:46.729] [sharedprocess] [info] Scanned user extensions: 11
[2019-03-06 01:21:46.748] [sharedprocess] [info] Scanned user extensions: 11
[2019-03-06 01:26:46.770] [sharedprocess] [info] Scanned user extensions: 11
[2019-03-06 01:31:46.924] [sharedprocess] [info] Scanned user extensions: 11
[2019-03-06 01:36:46.947] [sharedprocess] [info] Scanned user extensions: 11
[2019-03-06 01:41:46.965] [sharedprocess] [info] Scanned user extensions: 11
[2019-03-06 01:46:46.983] [sharedprocess] [info] Scanned user extensions: 11
[2019-03-06 01:51:47.001] [sharedprocess] [info] Scanned user extensions: 11
[2019-03-06 01:56:47.020] [sharedprocess] [info] Scanned user extensions: 11
[2019-03-06 02:01:47.038] [sharedprocess] [info] Scanned user extensions: 11
[2019-03-06 02:06:47.056] [sharedprocess] [info] Scanned user extensions: 11
[2019-03-06 02:11:47.074] [sharedprocess] [info] Scanned user extensions: 11
[2019-03-06 02:16:47.092] [sharedprocess] [info] Scanned user extensions: 11
[2019-03-06 02:21:47.111] [sharedprocess] [info] Scanned user extensions: 11
[2019-03-06 02:26:47.129] [sharedprocess] [info] Scanned user extensions: 11
[2019-03-06 02:31:47.281] [sharedprocess] [info] Scanned user extensions: 11
[2019-03-06 02:36:47.299] [sharedprocess] [info] Scanned user extensions: 11
[2019-03-06 02:41:47.317] [sharedprocess] [info] Scanned user extensions: 11
[2019-03-06 02:46:47.335] [sharedprocess] [info] Scanned user extensions: 11
[2019-03-06 02:51:47.353] [sharedprocess] [info] Scanned user extensions: 11
[2019-03-06 02:56:47.373] [sharedprocess] [info] Scanned user extensions: 11
[2019-03-06 03:01:47.391] [sharedprocess] [info] Scanned user extensions: 11
[2019-03-06 03:06:47.408] [sharedprocess] [info] Scanned user extensions: 11
[2019-03-06 03:11:47.427] [sharedprocess] [info] Scanned user extensions: 11
[2019-03-06 03:16:47.462] [sharedprocess] [info] Scanned user extensions: 11
[2019-03-06 03:21:47.480] [sharedprocess] [info] Scanned user extensions: 11
[2019-03-06 03:26:47.496] [sharedprocess] [info] Scanned user extensions: 11
[2019-03-06 03:31:47.653] [sharedprocess] [info] Scanned user extensions: 11
[2019-03-06 03:36:47.670] [sharedprocess] [info] Scanned user extensions: 11
[2019-03-06 03:41:47.688] [sharedprocess] [info] Scanned user extensions: 11
[2019-03-06 03:46:47.705] [sharedprocess] [info] Scanned user extensions: 11
[2019-03-06 03:51:47.723] [sharedprocess] [info] Scanned user extensions: 11
[2019-03-06 03:56:47.743] [sharedprocess] [info] Scanned user extensions: 11
[2019-03-06 04:01:47.760] [sharedprocess] [info] Scanned user extensions: 11
[2019-03-06 04:06:47.778] [sharedprocess] [info] Scanned user extensions: 11
[2019-03-06 04:11:47.797] [sharedprocess] [info] Scanned user extensions: 11
[2019-03-06 04:16:47.816] [sharedprocess] [info] Scanned user extensions: 11
[2019-03-06 04:21:47.834] [sharedprocess] [info] Scanned user extensions: 11
[2019-03-06 04:26:47.852] [sharedprocess] [info] Scanned user extensions: 11
[2019-03-06 04:31:48.077] [sharedprocess] [info] Scanned user extensions: 11
[2019-03-06 04:36:48.098] [sharedprocess] [info] Scanned user extensions: 11
[2019-03-06 04:41:48.115] [sharedprocess] [info] Scanned user extensions: 11
[2019-03-06 04:46:48.133] [sharedprocess] [info] Scanned user extensions: 11
[2019-03-06 04:51:48.154] [sharedprocess] [info] Scanned user extensions: 11
[2019-03-06 04:56:48.172] [sharedprocess] [info] Scanned user extensions: 11
[2019-03-06 05:01:48.198] [sharedprocess] [info] Scanned user extensions: 11
[2019-03-06 05:06:48.217] [sharedprocess] [info] Scanned user extensions: 11
[2019-03-06 05:11:48.235] [sharedprocess] [info] Scanned user extensions: 11
[2019-03-06 05:16:48.253] [sharedprocess] [info] Scanned user extensions: 11
[2019-03-06 05:21:48.270] [sharedprocess] [info] Scanned user extensions: 11
[2019-03-06 05:26:48.290] [sharedprocess] [info] Scanned user extensions: 11
[2019-03-06 05:31:48.463] [sharedprocess] [info] Scanned user extensions: 11
[2019-03-06 05:36:48.482] [sharedprocess] [info] Scanned user extensions: 11
[2019-03-06 05:41:48.499] [sharedprocess] [info] Scanned user extensions: 11
[2019-03-06 05:46:48.518] [sharedprocess] [info] Scanned user extensions: 11
[2019-03-06 05:51:48.535] [sharedprocess] [info] Scanned user extensions: 11
[2019-03-06 05:56:48.553] [sharedprocess] [info] Scanned user extensions: 11
[2019-03-06 06:01:48.574] [sharedprocess] [info] Scanned user extensions: 11
[2019-03-06 06:06:48.593] [sharedprocess] [info] Scanned user extensions: 11
[2019-03-06 06:11:48.612] [sharedprocess] [info] Scanned user extensions: 11
[2019-03-06 06:16:48.656] [sharedprocess] [info] Scanned user extensions: 11
[2019-03-06 06:21:48.677] [sharedprocess] [info] Scanned user extensions: 11
[2019-03-06 06:26:48.695] [sharedprocess] [info] Scanned user extensions: 11
[2019-03-06 06:31:48.888] [sharedprocess] [info] Scanned user extensions: 11
[2019-03-06 06:36:48.908] [sharedprocess] [info] Scanned user extensions: 11
[2019-03-06 06:41:49.211] [sharedprocess] [info] Scanned user extensions: 11
[2019-03-06 06:46:49.836] [sharedprocess] [info] Scanned user extensions: 11
[2019-03-06 06:51:49.858] [sharedprocess] [info] Scanned user extensions: 11
[2019-03-06 06:56:50.000] [sharedprocess] [info] Scanned user extensions: 11
[2019-03-06 07:01:50.057] [sharedprocess] [info] Scanned user extensions: 11
[2019-03-06 07:06:50.075] [sharedprocess] [info] Scanned user extensions: 11
[2019-03-06 07:11:50.095] [sharedprocess] [info] Scanned user extensions: 11
[2019-03-06 07:16:50.110] [sharedprocess] [info] Scanned user extensions: 11
[2019-03-06 07:21:50.128] [sharedprocess] [info] Scanned user extensions: 11
[2019-03-06 07:26:50.146] [sharedprocess] [info] Scanned user extensions: 11
[2019-03-06 07:31:50.593] [sharedprocess] [info] Scanned user extensions: 11
[2019-03-06 07:36:50.612] [sharedprocess] [info] Scanned user extensions: 11
[2019-03-06 07:41:50.697] [sharedprocess] [info] Scanned user extensions: 11
[2019-03-06 07:46:50.717] [sharedprocess] [info] Scanned user extensions: 11
[2019-03-06 07:51:50.731] [sharedprocess] [info] Scanned user extensions: 11
[2019-03-06 07:56:50.748] [sharedprocess] [info] Scanned user extensions: 11
[2019-03-06 08:01:50.764] [sharedprocess] [info] Scanned user extensions: 11
[2019-03-06 08:06:50.780] [sharedprocess] [info] Scanned user extensions: 11
[2019-03-06 08:11:50.796] [sharedprocess] [info] Scanned user extensions: 11
[2019-03-06 08:16:50.818] [sharedprocess] [info] Scanned user extensions: 11
[2019-03-06 08:21:50.835] [sharedprocess] [info] Scanned user extensions: 11
[2019-03-06 08:26:50.854] [sharedprocess] [info] Scanned user extensions: 11
[2019-03-06 08:31:45.878] [sharedprocess] [info] Installing extension: bmewburn.vscode-intelephense-client
[2019-03-06 08:31:45.886] [sharedprocess] [info] Scanned user extensions: 11
[2019-03-06 08:31:49.193] [sharedprocess] [info] Downloaded extension: bmewburn.vscode-intelephense-client /tmp/f426e059-c9d9-484e-9545-750024f303be
[2019-03-06 08:31:51.020] [sharedprocess] [info] Scanned user extensions: 11
[2019-03-06 08:31:55.376] [sharedprocess] [info] Extracted extension to /home/wembley/.vscode/extensions/.bmewburn.vscode-intelephense-client-1.0.8: bmewburn.vscode-intelephense-client
[2019-03-06 08:31:55.384] [sharedprocess] [info] Renamed to /home/wembley/.vscode/extensions/bmewburn.vscode-intelephense-client-1.0.8
[2019-03-06 08:31:55.386] [sharedprocess] [info] Installation completed. bmewburn.vscode-intelephense-client
[2019-03-06 08:31:55.451] [sharedprocess] [info] Extensions installed successfully: bmewburn.vscode-intelephense-client
[2019-03-06 08:36:51.038] [sharedprocess] [info] Scanned user extensions: 11
[2019-03-06 08:41:51.057] [sharedprocess] [info] Scanned user extensions: 11
[2019-03-06 08:46:51.074] [sharedprocess] [info] Scanned user extensions: 11
[2019-03-06 08:51:51.092] [sharedprocess] [info] Scanned user extensions: 11
[2019-03-06 08:56:51.109] [sharedprocess] [info] Scanned user extensions: 11
[2019-03-06 09:01:51.126] [sharedprocess] [info] Scanned user extensions: 11
[2019-03-06 09:06:51.146] [sharedprocess] [info] Scanned user extensions: 11
[2019-03-06 09:11:51.163] [sharedprocess] [info] Scanned user extensions: 11
[2019-03-06 09:16:51.179] [sharedprocess] [info] Scanned user extensions: 11
[2019-03-06 09:21:51.203] [sharedprocess] [info] Scanned user extensions: 11
[2019-03-06 09:26:51.227] [sharedprocess] [info] Scanned user extensions: 11
[2019-03-06 09:31:51.429] [sharedprocess] [info] Scanned user extensions: 11
[2019-03-06 09:36:51.447] [sharedprocess] [info] Scanned user extensions: 11
[2019-03-06 09:41:51.467] [sharedprocess] [info] Scanned user extensions: 11
[2019-03-06 09:46:51.492] [sharedprocess] [info] Scanned user extensions: 11
[2019-03-06 09:51:51.508] [sharedprocess] [info] Scanned user extensions: 11
[2019-03-06 09:56:51.527] [sharedprocess] [info] Scanned user extensions: 11
[2019-03-06 10:01:51.546] [sharedprocess] [info] Scanned user extensions: 11
[2019-03-06 10:06:51.572] [sharedprocess] [info] Scanned user extensions: 11
[2019-03-06 10:11:51.590] [sharedprocess] [info] Scanned user extensions: 11
[2019-03-06 10:16:51.608] [sharedprocess] [info] Scanned user extensions: 11
[2019-03-06 10:21:51.626] [sharedprocess] [info] Scanned user extensions: 11
[2019-03-06 10:26:51.651] [sharedprocess] [info] Scanned user extensions: 11
[2019-03-06 10:31:51.842] [sharedprocess] [info] Scanned user extensions: 11
[2019-03-06 10:36:51.859] [sharedprocess] [info] Scanned user extensions: 11
[2019-03-06 10:41:51.878] [sharedprocess] [info] Scanned user extensions: 11
[2019-03-06 10:46:51.895] [sharedprocess] [info] Scanned user extensions: 11
[2019-03-06 10:51:51.915] [sharedprocess] [info] Scanned user extensions: 11
[2019-03-06 10:56:51.929] [sharedprocess] [info] Scanned user extensions: 11
[2019-03-06 11:01:51.955] [sharedprocess] [info] Scanned user extensions: 11
[2019-03-06 11:06:51.973] [sharedprocess] [info] Scanned user extensions: 11
[2019-03-06 11:11:51.991] [sharedprocess] [info] Scanned user extensions: 11
[2019-03-06 11:16:52.007] [sharedprocess] [info] Scanned user extensions: 11
[2019-03-06 11:21:52.025] [sharedprocess] [info] Scanned user extensions: 11
[2019-03-06 11:26:52.046] [sharedprocess] [info] Scanned user extensions: 11
[2019-03-06 11:31:52.233] [sharedprocess] [info] Scanned user extensions: 11
[2019-03-06 11:36:52.254] [sharedprocess] [info] Scanned user extensions: 11
[2019-03-06 11:41:52.270] [sharedprocess] [info] Scanned user extensions: 11
[2019-03-06 11:46:52.288] [sharedprocess] [info] Scanned user extensions: 11
[2019-03-06 11:51:52.309] [sharedprocess] [info] Scanned user extensions: 11
[2019-03-06 11:56:52.332] [sharedprocess] [info] Scanned user extensions: 11
[2019-03-06 12:01:52.352] [sharedprocess] [info] Scanned user extensions: 11
[2019-03-06 12:06:52.369] [sharedprocess] [info] Scanned user extensions: 11
[2019-03-06 12:11:52.387] [sharedprocess] [info] Scanned user extensions: 11
[2019-03-06 12:16:52.406] [sharedprocess] [info] Scanned user extensions: 11
[2019-03-06 12:21:52.423] [sharedprocess] [info] Scanned user extensions: 11
[2019-03-06 12:26:52.441] [sharedprocess] [info] Scanned user extensions: 11
[2019-03-06 12:31:52.617] [sharedprocess] [info] Scanned user extensions: 11
[2019-03-06 12:36:52.635] [sharedprocess] [info] Scanned user extensions: 11
[2019-03-06 12:41:52.654] [sharedprocess] [info] Scanned user extensions: 11
[2019-03-06 12:46:52.671] [sharedprocess] [info] Scanned user extensions: 11
[2019-03-06 12:51:52.694] [sharedprocess] [info] Scanned user extensions: 11
[2019-03-06 12:56:52.712] [sharedprocess] [info] Scanned user extensions: 11
[2019-03-06 13:01:52.729] [sharedprocess] [info] Scanned user extensions: 11
[2019-03-06 13:06:52.748] [sharedprocess] [info] Scanned user extensions: 11
[2019-03-06 13:11:52.764] [sharedprocess] [info] Scanned user extensions: 11
[2019-03-06 13:16:52.830] [sharedprocess] [info] Scanned user extensions: 11
[2019-03-06 13:21:52.854] [sharedprocess] [info] Scanned user extensions: 11
[2019-03-06 13:26:52.874] [sharedprocess] [info] Scanned user extensions: 11
[2019-03-06 13:31:53.068] [sharedprocess] [info] Scanned user extensions: 11
[2019-03-06 13:36:53.087] [sharedprocess] [info] Scanned user extensions: 11
[2019-03-06 13:41:53.105] [sharedprocess] [info] Scanned user extensions: 11
[2019-03-06 13:46:53.125] [sharedprocess] [info] Scanned user extensions: 11
[2019-03-06 13:51:53.146] [sharedprocess] [info] Scanned user extensions: 11
[2019-03-06 13:56:53.166] [sharedprocess] [info] Scanned user extensions: 11
[2019-03-06 14:01:53.186] [sharedprocess] [info] Scanned user extensions: 11
[2019-03-06 14:06:53.203] [sharedprocess] [info] Scanned user extensions: 11
[2019-03-06 14:11:53.221] [sharedprocess] [info] Scanned user extensions: 11
[2019-03-06 14:16:53.239] [sharedprocess] [info] Scanned user extensions: 11
[2019-03-06 14:21:53.259] [sharedprocess] [info] Scanned user extensions: 11
[2019-03-06 14:26:53.276] [sharedprocess] [info] Scanned user extensions: 11
[2019-03-06 14:31:53.459] [sharedprocess] [info] Scanned user extensions: 11
[2019-03-06 14:36:53.476] [sharedprocess] [info] Scanned user extensions: 11
[2019-03-06 14:41:53.494] [sharedprocess] [info] Scanned user extensions: 11
[2019-03-06 14:46:53.517] [sharedprocess] [info] Scanned user extensions: 11
[2019-03-06 14:51:53.534] [sharedprocess] [info] Scanned user extensions: 11
[2019-03-06 14:56:53.553] [sharedprocess] [info] Scanned user extensions: 11
[2019-03-06 15:01:53.570] [sharedprocess] [info] Scanned user extensions: 11
[2019-03-06 15:06:53.590] [sharedprocess] [info] Scanned user extensions: 11
[2019-03-06 15:11:53.617] [sharedprocess] [info] Scanned user extensions: 11
[2019-03-06 15:16:53.635] [sharedprocess] [info] Scanned user extensions: 11
[2019-03-06 15:21:53.654] [sharedprocess] [info] Scanned user extensions: 11
[2019-03-06 15:26:53.672] [sharedprocess] [info] Scanned user extensions: 11
[2019-03-06 15:31:53.884] [sharedprocess] [info] Scanned user extensions: 11
[2019-03-06 15:36:53.901] [sharedprocess] [info] Scanned user extensions: 11
[2019-03-06 15:41:53.919] [sharedprocess] [info] Scanned user extensions: 11
[2019-03-06 15:46:53.937] [sharedprocess] [info] Scanned user extensions: 11
[2019-03-06 15:51:54.627] [sharedprocess] [info] Scanned user extensions: 11
