[2019-03-05 20:31:43.047] [exthost] [info] extension host started
[2019-03-05 20:31:43.242] [exthost] [info] ExtensionService#_doActivateExtension vscode.debug-auto-launch {"startup":true,"activationEvent":"*"}
[2019-03-05 20:31:43.242] [exthost] [info] ExtensionService#loadCommonJSModule /usr/share/code/resources/app/extensions/debug-auto-launch/dist/extension
[2019-03-05 20:31:43.267] [exthost] [info] ExtensionService#_doActivateExtension vscode.emmet {"startup":true,"activationEvent":"*"}
[2019-03-05 20:31:43.267] [exthost] [info] ExtensionService#loadCommonJSModule /usr/share/code/resources/app/extensions/emmet/dist/extension
[2019-03-05 20:31:43.358] [exthost] [info] ExtensionService#_doActivateExtension vscode.git {"startup":true,"activationEvent":"*"}
[2019-03-05 20:31:43.359] [exthost] [info] ExtensionService#loadCommonJSModule /usr/share/code/resources/app/extensions/git/dist/main
[2019-03-05 20:31:43.570] [exthost] [info] ExtensionService#_doActivateExtension vscode.merge-conflict {"startup":true,"activationEvent":"*"}
[2019-03-05 20:31:43.570] [exthost] [info] ExtensionService#loadCommonJSModule /usr/share/code/resources/app/extensions/merge-conflict/dist/extension
[2019-03-05 20:31:43.584] [exthost] [info] ExtensionService#_doActivateExtension Equinusocio.vsc-material-theme {"startup":true,"activationEvent":"*"}
[2019-03-05 20:31:43.584] [exthost] [info] ExtensionService#loadCommonJSModule /home/wembley/.vscode/extensions/equinusocio.vsc-material-theme-2.7.0/out/src/material.theme.config
[2019-03-05 20:31:43.687] [exthost] [info] ExtensionService#_doActivateExtension PKief.material-icon-theme {"startup":true,"activationEvent":"*"}
[2019-03-05 20:31:43.693] [exthost] [info] ExtensionService#loadCommonJSModule /home/wembley/.vscode/extensions/pkief.material-icon-theme-3.6.3/out/src/extension
[2019-03-05 20:31:43.985] [exthost] [info] eager extensions activated
[2019-03-05 20:31:43.997] [exthost] [info] ExtensionService#_doActivateExtension vscode.php-language-features {"startup":false,"activationEvent":"onLanguage:php"}
[2019-03-05 20:31:43.997] [exthost] [info] ExtensionService#loadCommonJSModule /usr/share/code/resources/app/extensions/php-language-features/dist/phpMain
[2019-03-05 20:31:44.042] [exthost] [info] ExtensionService#_doActivateExtension bmewburn.vscode-intelephense-client {"startup":false,"activationEvent":"onLanguage:php"}
[2019-03-05 20:31:44.044] [exthost] [info] ExtensionService#loadCommonJSModule /home/wembley/.vscode/extensions/bmewburn.vscode-intelephense-client-1.0.7/out/src/extension
[2019-03-05 20:31:44.586] [exthost] [info] ExtensionService#_doActivateExtension MehediDracula.php-namespace-resolver {"startup":false,"activationEvent":"onLanguage:php"}
[2019-03-05 20:31:44.588] [exthost] [info] ExtensionService#loadCommonJSModule /home/wembley/.vscode/extensions/mehedidracula.php-namespace-resolver-1.1.5/src/extension
[2019-03-05 20:31:44.629] [exthost] [info] ExtensionService#_doActivateExtension neilbrayfield.php-docblocker {"startup":false,"activationEvent":"onLanguage:php"}
[2019-03-05 20:31:44.629] [exthost] [info] ExtensionService#loadCommonJSModule /home/wembley/.vscode/extensions/neilbrayfield.php-docblocker-1.7.0/out/src/extension
[2019-03-05 20:31:44.671] [exthost] [info] ExtensionService#_doActivateExtension phproberto.vscode-php-getters-setters {"startup":false,"activationEvent":"onLanguage:php"}
[2019-03-05 20:31:44.671] [exthost] [info] ExtensionService#loadCommonJSModule /home/wembley/.vscode/extensions/phproberto.vscode-php-getters-setters-1.2.3/out/extension
[2019-03-06 15:45:00.093] [exthost] [info] ExtensionService#_doActivateExtension vscode.configuration-editing {"startup":false,"activationEvent":"onLanguage:json"}
[2019-03-06 15:45:00.093] [exthost] [info] ExtensionService#loadCommonJSModule /usr/share/code/resources/app/extensions/configuration-editing/dist/extension
[2019-03-06 15:45:00.154] [exthost] [info] ExtensionService#_doActivateExtension vscode.extension-editing {"startup":false,"activationEvent":"onLanguage:json"}
[2019-03-06 15:45:00.154] [exthost] [info] ExtensionService#loadCommonJSModule /usr/share/code/resources/app/extensions/extension-editing/dist/extension
[2019-03-06 15:45:00.306] [exthost] [info] ExtensionService#_doActivateExtension vscode.json-language-features {"startup":false,"activationEvent":"onLanguage:json"}
[2019-03-06 15:45:00.306] [exthost] [info] ExtensionService#loadCommonJSModule /usr/share/code/resources/app/extensions/json-language-features/client/dist/jsonMain
[2019-03-06 15:45:00.444] [exthost] [info] ExtensionService#_doActivateExtension vscode.npm {"startup":false,"activationEvent":"onLanguage:json"}
[2019-03-06 15:45:00.444] [exthost] [info] ExtensionService#loadCommonJSModule /usr/share/code/resources/app/extensions/npm/dist/main
