[2019-03-06 16:26:41.601] [sharedprocess] [info] main {"machineId":"b5e4784b1fccab567a16821ced91c9e0574ca1f418f2093405ecd4012098c61a"}
[2019-03-06 16:26:41.790] [sharedprocess] [info] Scanned user extensions: 11
[2019-03-06 16:26:41.975] [sharedprocess] [info] Scanned user extensions: 11
[2019-03-06 16:26:43.643] [sharedprocess] [info] Deleted from disk bmewburn.vscode-intelephense-client /home/wembley/.vscode/extensions/bmewburn.vscode-intelephense-client-1.0.7
[2019-03-06 16:26:43.644] [sharedprocess] [info] Scanned system extensions: 71
[2019-03-06 16:26:43.652] [sharedprocess] [info] Scanned system extensions: 71
[2019-03-06 16:26:43.681] [sharedprocess] [info] Scanned user extensions: 11
[2019-03-06 16:27:21.609] [sharedprocess] [info] Starting to clean up unused language packs.
[2019-03-06 16:31:43.710] [sharedprocess] [info] Scanned user extensions: 11
[2019-03-06 16:36:43.877] [sharedprocess] [info] Scanned user extensions: 11
[2019-03-06 16:41:43.905] [sharedprocess] [info] Scanned user extensions: 11
[2019-03-06 16:46:43.928] [sharedprocess] [info] Scanned user extensions: 11
[2019-03-06 16:51:43.948] [sharedprocess] [info] Scanned user extensions: 11
[2019-03-06 16:56:43.968] [sharedprocess] [info] Scanned user extensions: 11
[2019-03-06 17:01:43.985] [sharedprocess] [info] Scanned user extensions: 11
[2019-03-06 17:06:44.005] [sharedprocess] [info] Scanned user extensions: 11
[2019-03-06 17:11:44.022] [sharedprocess] [info] Scanned user extensions: 11
[2019-03-06 17:16:44.042] [sharedprocess] [info] Scanned user extensions: 11
[2019-03-06 17:21:44.064] [sharedprocess] [info] Scanned user extensions: 11
[2019-03-06 17:26:44.082] [sharedprocess] [info] Scanned user extensions: 11
[2019-03-06 17:31:44.094] [sharedprocess] [info] Scanned user extensions: 11
[2019-03-06 17:36:44.258] [sharedprocess] [info] Scanned user extensions: 11
[2019-03-06 17:41:44.279] [sharedprocess] [info] Scanned user extensions: 11
[2019-03-06 17:46:44.300] [sharedprocess] [info] Scanned user extensions: 11
[2019-03-06 17:51:44.319] [sharedprocess] [info] Scanned user extensions: 11
[2019-03-06 17:56:44.341] [sharedprocess] [info] Scanned user extensions: 11
[2019-03-06 18:01:44.357] [sharedprocess] [info] Scanned user extensions: 11
[2019-03-06 18:06:44.377] [sharedprocess] [info] Scanned user extensions: 11
[2019-03-06 18:11:44.399] [sharedprocess] [info] Scanned user extensions: 11
[2019-03-06 18:16:44.414] [sharedprocess] [info] Scanned user extensions: 11
[2019-03-06 18:21:44.432] [sharedprocess] [info] Scanned user extensions: 11
[2019-03-06 18:26:44.448] [sharedprocess] [info] Scanned user extensions: 11
[2019-03-06 18:31:44.466] [sharedprocess] [info] Scanned user extensions: 11
[2019-03-06 18:36:44.619] [sharedprocess] [info] Scanned user extensions: 11
[2019-03-06 18:41:44.637] [sharedprocess] [info] Scanned user extensions: 11
[2019-03-06 18:46:44.653] [sharedprocess] [info] Scanned user extensions: 11
[2019-03-06 18:51:44.670] [sharedprocess] [info] Scanned user extensions: 11
[2019-03-06 18:56:44.688] [sharedprocess] [info] Scanned user extensions: 11
[2019-03-06 19:01:44.714] [sharedprocess] [info] Scanned user extensions: 11
[2019-03-06 19:06:44.729] [sharedprocess] [info] Scanned user extensions: 11
[2019-03-06 19:11:44.748] [sharedprocess] [info] Scanned user extensions: 11
[2019-03-06 19:16:44.765] [sharedprocess] [info] Scanned user extensions: 11
[2019-03-06 19:21:44.782] [sharedprocess] [info] Scanned user extensions: 11
[2019-03-06 19:26:44.798] [sharedprocess] [info] Scanned user extensions: 11
