[2019-03-06 16:26:42.262] [exthost] [info] extension host started
[2019-03-06 16:26:42.328] [exthost] [info] ExtensionService#_doActivateExtension vscode.debug-auto-launch {"startup":true,"activationEvent":"*"}
[2019-03-06 16:26:42.328] [exthost] [info] ExtensionService#loadCommonJSModule /usr/share/code/resources/app/extensions/debug-auto-launch/dist/extension
[2019-03-06 16:26:42.343] [exthost] [info] ExtensionService#_doActivateExtension vscode.emmet {"startup":true,"activationEvent":"*"}
[2019-03-06 16:26:42.344] [exthost] [info] ExtensionService#loadCommonJSModule /usr/share/code/resources/app/extensions/emmet/dist/extension
[2019-03-06 16:26:42.403] [exthost] [info] ExtensionService#_doActivateExtension vscode.git {"startup":true,"activationEvent":"*"}
[2019-03-06 16:26:42.403] [exthost] [info] ExtensionService#loadCommonJSModule /usr/share/code/resources/app/extensions/git/dist/main
[2019-03-06 16:26:42.843] [exthost] [info] ExtensionService#_doActivateExtension vscode.merge-conflict {"startup":true,"activationEvent":"*"}
[2019-03-06 16:26:42.843] [exthost] [info] ExtensionService#loadCommonJSModule /usr/share/code/resources/app/extensions/merge-conflict/dist/extension
[2019-03-06 16:26:42.932] [exthost] [info] ExtensionService#_doActivateExtension Equinusocio.vsc-material-theme {"startup":true,"activationEvent":"*"}
[2019-03-06 16:26:42.933] [exthost] [info] ExtensionService#loadCommonJSModule /home/wembley/.vscode/extensions/equinusocio.vsc-material-theme-2.7.0/out/src/material.theme.config
[2019-03-06 16:26:43.057] [exthost] [info] ExtensionService#_doActivateExtension PKief.material-icon-theme {"startup":true,"activationEvent":"*"}
[2019-03-06 16:26:43.057] [exthost] [info] ExtensionService#loadCommonJSModule /home/wembley/.vscode/extensions/pkief.material-icon-theme-3.6.3/out/src/extension
[2019-03-06 16:26:43.586] [exthost] [info] eager extensions activated
[2019-03-06 16:26:44.444] [exthost] [info] ExtensionService#_doActivateExtension vscode.configuration-editing {"startup":false,"activationEvent":"onLanguage:json"}
[2019-03-06 16:26:44.444] [exthost] [info] ExtensionService#loadCommonJSModule /usr/share/code/resources/app/extensions/configuration-editing/dist/extension
[2019-03-06 16:26:44.554] [exthost] [info] ExtensionService#_doActivateExtension vscode.extension-editing {"startup":false,"activationEvent":"onLanguage:json"}
[2019-03-06 16:26:44.554] [exthost] [info] ExtensionService#loadCommonJSModule /usr/share/code/resources/app/extensions/extension-editing/dist/extension
[2019-03-06 16:26:44.779] [exthost] [info] ExtensionService#_doActivateExtension vscode.json-language-features {"startup":false,"activationEvent":"onLanguage:json"}
[2019-03-06 16:26:44.779] [exthost] [info] ExtensionService#loadCommonJSModule /usr/share/code/resources/app/extensions/json-language-features/client/dist/jsonMain
[2019-03-06 16:26:45.028] [exthost] [info] ExtensionService#_doActivateExtension vscode.npm {"startup":false,"activationEvent":"onLanguage:json"}
[2019-03-06 16:26:45.028] [exthost] [info] ExtensionService#loadCommonJSModule /usr/share/code/resources/app/extensions/npm/dist/main
[2019-03-06 16:30:09.855] [exthost] [info] ExtensionService#_doActivateExtension vscode.php-language-features {"startup":false,"activationEvent":"onLanguage:php"}
[2019-03-06 16:30:09.855] [exthost] [info] ExtensionService#loadCommonJSModule /usr/share/code/resources/app/extensions/php-language-features/dist/phpMain
[2019-03-06 16:30:09.968] [exthost] [info] ExtensionService#_doActivateExtension bmewburn.vscode-intelephense-client {"startup":false,"activationEvent":"onLanguage:php"}
[2019-03-06 16:30:09.968] [exthost] [info] ExtensionService#loadCommonJSModule /home/wembley/.vscode/extensions/bmewburn.vscode-intelephense-client-1.0.8/out/src/extension
[2019-03-06 16:30:10.734] [exthost] [info] ExtensionService#_doActivateExtension MehediDracula.php-namespace-resolver {"startup":false,"activationEvent":"onLanguage:php"}
[2019-03-06 16:30:10.734] [exthost] [info] ExtensionService#loadCommonJSModule /home/wembley/.vscode/extensions/mehedidracula.php-namespace-resolver-1.1.5/src/extension
[2019-03-06 16:30:10.790] [exthost] [info] ExtensionService#_doActivateExtension neilbrayfield.php-docblocker {"startup":false,"activationEvent":"onLanguage:php"}
[2019-03-06 16:30:10.790] [exthost] [info] ExtensionService#loadCommonJSModule /home/wembley/.vscode/extensions/neilbrayfield.php-docblocker-1.7.0/out/src/extension
[2019-03-06 16:30:10.846] [exthost] [info] ExtensionService#_doActivateExtension phproberto.vscode-php-getters-setters {"startup":false,"activationEvent":"onLanguage:php"}
[2019-03-06 16:30:10.846] [exthost] [info] ExtensionService#loadCommonJSModule /home/wembley/.vscode/extensions/phproberto.vscode-php-getters-setters-1.2.3/out/extension
[2019-03-06 17:04:42.522] [exthost] [info] ExtensionService#_doActivateExtension vscode.css-language-features {"startup":false,"activationEvent":"onLanguage:css"}
[2019-03-06 17:04:42.523] [exthost] [info] ExtensionService#loadCommonJSModule /usr/share/code/resources/app/extensions/css-language-features/client/dist/cssMain
[2019-03-06 17:07:40.731] [exthost] [info] ExtensionService#_doActivateExtension vscode.typescript-language-features {"startup":false,"activationEvent":"onLanguage:jsonc"}
[2019-03-06 17:07:40.731] [exthost] [info] ExtensionService#loadCommonJSModule /usr/share/code/resources/app/extensions/typescript-language-features/dist/extension
